<?xml version="1.0" encoding="UTF-8"?>
<testng-results skipped="0" failed="0" ignored="0" total="1" passed="1">
  <reporter-output>
  </reporter-output>
  <suite name="Default suite" duration-ms="3068" started-at="2021-12-23T20:15:11 IST" finished-at="2021-12-23T20:15:14 IST">
    <groups>
    </groups>
    <test name="Default test" duration-ms="3068" started-at="2021-12-23T20:15:11 IST" finished-at="2021-12-23T20:15:14 IST">
      <class name="testscripts.RestAssuredTest">
        <test-method status="PASS" signature="testRestService()[pri:0, instance:testscripts.RestAssuredTest@1efed156]" name="testRestService" duration-ms="3041" started-at="2021-12-23T20:15:11 IST" finished-at="2021-12-23T20:15:14 IST">
          <reporter-output>
          </reporter-output>
        </test-method> <!-- testRestService -->
      </class> <!-- testscripts.RestAssuredTest -->
    </test> <!-- Default test -->
  </suite> <!-- Default suite -->
</testng-results>
